2024/08/22 18:04:42 【IpfsDHT】schedule fixLowPeers ... 2024-08-22 18:04:42 
2024/08/22 18:04:42 Connected to bootstrap peer QmWiG7ExhxNokqzghHrxC25m3W8gVEftgcrZsJKhPv1Y74
2024/08/22 18:04:42 searching for peers...
2024/08/22 18:04:42 【RoutingTable】addPeer => QmWiG7ExhxNokqzghHrxC25m3W8gVEftgcrZsJKhPv1Y74
2024/08/22 18:04:42 【IpfsDHT】schedule fixLowPeers ... 2024-08-22 18:04:42 
2024/08/22 18:04:42 	 try to find peer => QmWiG7ExhxNokqzghHrxC25m3W8gVEftgcrZsJKhPv1Y74
2024/08/22 18:04:42 【RoutingTable】addPeer => QmWiG7ExhxNokqzghHrxC25m3W8gVEftgcrZsJKhPv1Y74
2024/08/22 18:04:42 【RoutingTable】addPeer => QmWiG7ExhxNokqzghHrxC25m3W8gVEftgcrZsJKhPv1Y74
2024/08/22 18:04:42 【RoutingTable】addPeer => QmWiG7ExhxNokqzghHrxC25m3W8gVEftgcrZsJKhPv1Y74
2024/08/22 18:04:43 handleEvents ... 
2024/08/22 18:04:44 handleEvents ... 
2024/08/22 18:04:45 handleEvents ... 
2024/08/22 18:04:46 handleEvents ... 
2024/08/22 18:04:47 handleEvents ... 
2024/08/22 18:04:48 handleEvents ... 
2024/08/22 18:04:49 handleEvents ... 
2024/08/22 18:04:50 handleEvents ... 
2024/08/22 18:04:51 handleEvents ... 
2024/08/22 18:04:52 handleEvents ... 
2024/08/22 18:04:52 searching for peers...
2024/08/22 18:04:53 Connected to peer(`12D3KooWNW6T9Q4AMjRQ3acZLR5gBiErEJiTceksbYX1mAsMty5c`)
2024/08/22 18:04:53 【RoutingTable】addPeer => QmWiG7ExhxNokqzghHrxC25m3W8gVEftgcrZsJKhPv1Y74
2024/08/22 18:04:53 Failed connecting to peer(`12D3KooWAWa7KtUG5guo5ULJ8gjgHX4s48jziqRXVdYFroLRhRW7`), err = failed to dial: failed to dial 12D3KooWAWa7KtUG5guo5ULJ8gjgHX4s48jziqRXVdYFroLRhRW7: all dials failed
  * [/ip4/127.0.0.1/tcp/49155] dial tcp4 127.0.0.1:49155: connect: connection refused
  * [/ip4/192.168.17.250/tcp/49155] dial tcp4 192.168.17.250:49155: connect: connection refused
2024/08/22 18:04:53 handleEvents ... 
2024/08/22 18:04:54 handleEvents ... 
2024/08/22 18:04:55 handleEvents ... 
2024/08/22 18:04:56 handleEvents ... 
2024/08/22 18:04:57 handleEvents ... 
2024/08/22 18:04:58 handleEvents ... 
2024/08/22 18:04:59 handleEvents ... 
2024/08/22 18:05:00 handleEvents ... 
2024/08/22 18:05:01 handleEvents ... 
